library/build/intermediates/manifest_merge_blame_file/debug/manifest-merger-blame-debug-report.txt
1<?xml version="1.0" encoding="utf-8"?>
2<manifest xmlns:android="http://schemas.android.com/apk/res/android"
3    package="com.example.torangscreensettings" >
4
5    <uses-sdk android:minSdkVersion="24" />
6
7    <application>
7-->src/main/AndroidManifest.xml:5:5-10:19
8        <activity
8-->src/main/AndroidManifest.xml:6:9-9:63
9            android:name="com.example.torangscreensettings.SettingsActivity"
9-->src/main/AndroidManifest.xml:7:13-45
10            android:exported="true"
10-->src/main/AndroidManifest.xml:8:13-36
11            android:label="@string/title_activity_settings" />
11-->src/main/AndroidManifest.xml:9:13-60
12    </application>
13
14</manifest>